#
# A fatal error has been detected by the Java Runtime Environment:
#
#  SIGSEGV (0xb) at pc=0x000000010829f479, pid=3347, tid=0x0000000000002c03
#
# JRE version: OpenJDK Runtime Environment (8.0_242) (build 1.8.0_242-release-1644-b3-6222593)
# Java VM: OpenJDK 64-Bit Server VM (25.242-b3-6222593 mixed mode bsd-amd64 compressed oops)
# Problematic frame:
# V  [libjvm.dylib+0x29f479]
#
# Failed to write core dump. Core dumps have been disabled. To enable core dumping, try "ulimit -c unlimited" before starting Java again
#
# If you would like to submit a bug report, please visit:
#   http://bugreport.java.com/bugreport/crash.jsp
#

---------------  T H R E A D  ---------------

Current thread (0x00007f994a039800):  VMThread [stack: 0x000070000b320000,0x000070000b420000] [id=11267]

siginfo: si_signo: 11 (SIGSEGV), si_code: 0 (unknown), si_addr: 0x0000000000000000

Registers:
RAX=0x0000000121238458, RBX=0x0000000000000018, RCX=0x4b588b2021238f48, RDX=0x0000000000000000
RSP=0x000070000b41f740, RBP=0x000070000b41f760, RSI=0x000070000b41f708, RDI=0x0000000000000000
R8 =0x0000000000000000, R9 =0x0000000000001100, R10=0x00007f993e800000, R11=0x00007f993e8080b4
R12=0x00000007c04f9440, R13=0x0000000108827570, R14=0x0000000108827570, R15=0x00000007c04f9440
RIP=0x000000010829f479, EFLAGS=0x0000000000010293, ERR=0x0000000000000000
  TRAPNO=0x000000000000000d

Top of Stack: (sp=0x000070000b41f740)
0x000070000b41f740:   0000000000000060 00000007c04f9440
0x000070000b41f750:   0000000108827570 000070000b41f798
0x000070000b41f760:   000070000b41f780 000000010829f3a7
0x000070000b41f770:   00000007c04f91a8 0000000000000001
0x000070000b41f780:   000070000b41f810 000000010838aa2f
0x000070000b41f790:   00000001087f8ae8 00000001087f2420
0x000070000b41f7a0:   00000000000001fe ffffffffffffff00
0x000070000b41f7b0:   0000000000000004 0000000000000061
0x000070000b41f7c0:   00000000000001fe 0000000000000000
0x000070000b41f7d0:   00007f9938fd3800 0000000000000000
0x000070000b41f7e0:   00000001087f2420 000070000b41f848
0x000070000b41f7f0:   000070000b41f8b0 0000000108827570
0x000070000b41f800:   00000001088274c0 000070000b41f868
0x000070000b41f810:   000070000b41f9a0 0000000108497639
0x000070000b41f820:   00000001085cf39f 0000000000000100
0x000070000b41f830:   0000000108827478 00000baf4e64e5bf
0x000070000b41f840:   000070000b41fb08 0000000000002747
0x000070000b41f850:   000000000000107e 0000000000001123
0x000070000b41f860:   0000000000000026 00000001085a0a9b
0x000070000b41f870:   000070000b410100 0000000108827478
0x000070000b41f880:   00000baf8b207c8c 00000001087f8378
0x000070000b41f890:   000070000b41f800 00007f9947f0a1d0
0x000070000b41f8a0:   00000001087f8360 00007f9947f0a1d0
0x000070000b41f8b0:   0000000000002747 000000000000107e
0x000070000b41f8c0:   0000000000001123 0000000000000026
0x000070000b41f8d0:   00000001087fa680 0000000100000004
0x000070000b41f8e0:   00007f9947f09c90 0000000108493289
0x000070000b41f8f0:   0000000000000c00 0000000000000000
0x000070000b41f900:   0000000000000000 000070000b41fb00
0x000070000b41f910:   00007f9948009800 0000000108416001
0x000070000b41f920:   0000000005580001 0000700000000004
0x000070000b41f930:   000000010eaa84e7 000000010eaa83d0 

Instructions: (pc=0x000000010829f479)
0x000000010829f459:   e5 41 57 41 56 53 50 48 8b 87 70 01 00 00 83 38
0x000000010829f469:   00 7e 30 49 89 f6 49 89 ff 31 db 48 8b 4c d8 08
0x000000010829f479:   48 8b 79 10 48 85 ff 74 0f 4c 89 f6 e8 38 af 18
0x000000010829f489:   00 49 8b 87 70 01 00 00 48 ff c3 48 63 08 48 39 

Register to memory mapping:

RAX=0x0000000121238458 is pointing into metadata
RBX=0x0000000000000018 is an unknown value
RCX=0x4b588b2021238f48 is an unknown value
RDX=0x0000000000000000 is an unknown value
RSP=0x000070000b41f740 is an unknown value
RBP=0x000070000b41f760 is an unknown value
RSI=0x000070000b41f708 is an unknown value
RDI=0x0000000000000000 is an unknown value
R8 =0x0000000000000000 is an unknown value
R9 =0x0000000000001100 is an unknown value
R10=0x00007f993e800000 is an unknown value
R11=0x00007f993e8080b4 is an unknown value
R12=0x00000007c04f9440 is pointing into metadata
R13=0x0000000108827570: _ZN17PSParallelCompact17_is_alive_closureE+0 in /Applications/Android Studio.app/Contents/jre/jdk/Contents/Home/jre/lib/server/libjvm.dylib at 0x0000000108000000
R14=0x0000000108827570: _ZN17PSParallelCompact17_is_alive_closureE+0 in /Applications/Android Studio.app/Contents/jre/jdk/Contents/Home/jre/lib/server/libjvm.dylib at 0x0000000108000000
R15=0x00000007c04f9440 is pointing into metadata


Stack: [0x000070000b320000,0x000070000b420000],  sp=0x000070000b41f740,  free space=1021k
Native frames: (J=compiled Java code, j=interpreted, Vv=VM code, C=native code)
V  [libjvm.dylib+0x29f479]
V  [libjvm.dylib+0x29f3a7]
V  [libjvm.dylib+0x38aa2f]
V  [libjvm.dylib+0x497639]
V  [libjvm.dylib+0x496b9a]
V  [libjvm.dylib+0x49ae13]
V  [libjvm.dylib+0x47049d]
V  [libjvm.dylib+0x566721]
V  [libjvm.dylib+0x576260]
V  [libjvm.dylib+0x575c39]
V  [libjvm.dylib+0x575681]
V  [libjvm.dylib+0x5754bd]
V  [libjvm.dylib+0x45b9eb]
C  [libsystem_pthread.dylib+0x6109]  _pthread_start+0x94
C  [libsystem_pthread.dylib+0x1b8b]  thread_start+0xf

VM_Operation (0x000070000dd9bf50): ParallelGCFailedAllocation, mode: safepoint, requested by thread 0x00007f9950faa800


---------------  P R O C E S S  ---------------

Java Threads: ( => current thread )
  0x00007f99508f9800 JavaThread "ForkJoinPool-30-worker-0" daemon [_thread_blocked, id=33599, stack(0x000070000f105000,0x000070000f205000)]
  0x00007f99496ab800 JavaThread "ForkJoinPool-30-worker-3" daemon [_thread_blocked, id=45331, stack(0x000070000f002000,0x000070000f102000)]
  0x00007f993c640800 JavaThread "ForkJoinPool-30-worker-2" daemon [_thread_blocked, id=29703, stack(0x000070000eeff000,0x000070000efff000)]
  0x00007f994d1a4800 JavaThread "ForkJoinPool-30-worker-1" daemon [_thread_blocked, id=40255, stack(0x000070000dda1000,0x000070000dea1000)]
  0x00007f993b8e5000 JavaThread "WorkerExecutor Queue Thread 8" [_thread_blocked, id=26939, stack(0x000070000ecf9000,0x000070000edf9000)]
  0x00007f99558e5000 JavaThread "WorkerExecutor Queue Thread 7" [_thread_blocked, id=30515, stack(0x000070000ebf6000,0x000070000ecf6000)]
  0x00007f99496ac000 JavaThread "ForkJoinPool.commonPool-worker-2" daemon [_thread_blocked, id=32127, stack(0x000070000e9f0000,0x000070000eaf0000)]
  0x00007f993c74c800 JavaThread "ForkJoinPool.commonPool-worker-1" daemon [_thread_blocked, id=41991, stack(0x000070000dfa7000,0x000070000e0a7000)]
  0x00007f99558e7000 JavaThread "WorkerExecutor Queue Thread 6" [_thread_blocked, id=44383, stack(0x000070000db9b000,0x000070000dc9b000)]
  0x00007f99502fd800 JavaThread "Cache worker for Java compile cache (/Users/danfeinberg/AndroidStudioProjects/FirebaseDemo/.gradle/6.1.1/javaCompile)" [_thread_blocked, id=27971, stack(0x000070000eaf3000,0x000070000ebf3000)]
  0x00007f99491e8000 JavaThread "stdout" [_thread_in_native, id=36215, stack(0x000070000e8ed000,0x000070000e9ed000)]
  0x00007f9948795800 JavaThread "stderr" [_thread_in_native, id=35339, stack(0x000070000e7ea000,0x000070000e8ea000)]
  0x00007f9948795000 JavaThread "process reaper" daemon [_thread_in_native, id=39811, stack(0x000070000e7bf000,0x000070000e7e7000)]
  0x00007f994f5b1800 JavaThread "stdout" [_thread_in_native, id=23415, stack(0x000070000e5b9000,0x000070000e6b9000)]
  0x00007f9948e16800 JavaThread "stderr" [_thread_in_native, id=23667, stack(0x000070000e4b6000,0x000070000e5b6000)]
  0x00007f994c52e000 JavaThread "process reaper" daemon [_thread_in_native, id=44867, stack(0x000070000b702000,0x000070000b72a000)]
  0x00007f9948316000 JavaThread "stdout" [_thread_in_native, id=30819, stack(0x000070000e3b3000,0x000070000e4b3000)]
  0x00007f9948315800 JavaThread "stderr" [_thread_in_native, id=34891, stack(0x000070000e2b0000,0x000070000e3b0000)]
  0x00007f993bab3000 JavaThread "process reaper" daemon [_thread_in_native, id=26435, stack(0x000070000b6d7000,0x000070000b6ff000)]
  0x00007f9948966000 JavaThread "stdout" [_thread_in_native, id=42587, stack(0x000070000e1ad000,0x000070000e2ad000)]
  0x00007f9953298000 JavaThread "stderr" [_thread_in_native, id=34139, stack(0x000070000e0aa000,0x000070000e1aa000)]
  0x00007f9950fcb000 JavaThread "process reaper" daemon [_thread_in_native, id=34371, stack(0x000070000b6ac000,0x000070000b6d4000)]
  0x00007f994f3ae000 JavaThread "pool-56-thread-1" [_thread_blocked, id=38695, stack(0x000070000dea4000,0x000070000dfa4000)]
  0x00007f9950faa800 JavaThread "WorkerExecutor Queue Thread 2" [_thread_blocked, id=86879, stack(0x000070000dc9e000,0x000070000dd9e000)]
  0x00007f994e550800 JavaThread "Cache worker for execution history cache (/Users/danfeinberg/AndroidStudioProjects/FirebaseDemo/.gradle/6.1.1/executionHistory)" [_thread_blocked, id=26695, stack(0x000070000da98000,0x000070000db98000)]
  0x00007f9953291000 JavaThread "Execution worker for ':' Thread 3" [_thread_blocked, id=85059, stack(0x000070000d995000,0x000070000da95000)]
  0x00007f993c7ee000 JavaThread "Execution worker for ':' Thread 2" [_thread_blocked, id=28799, stack(0x000070000d892000,0x000070000d992000)]
  0x00007f994e05e000 JavaThread "Execution worker for ':'" [_thread_blocked, id=38499, stack(0x000070000d78f000,0x000070000d88f000)]
  0x00007f99538ac000 JavaThread "Cache worker for file content cache (/Users/danfeinberg/AndroidStudioProjects/FirebaseDemo/.gradle/6.1.1/fileContent)" [_thread_blocked, id=32295, stack(0x000070000d68c000,0x000070000d78c000)]
  0x00007f9950534000 JavaThread "Cache worker for Build Output Cleanup Cache (/Users/danfeinberg/AndroidStudioProjects/FirebaseDemo/.gradle/buildOutputCleanup)" [_thread_blocked, id=26215, stack(0x000070000d383000,0x000070000d483000)]
  0x00007f993b14c000 JavaThread "Build operations Thread 4" [_thread_blocked, id=30323, stack(0x000070000d280000,0x000070000d380000)]
  0x00007f9948772000 JavaThread "Build operations Thread 3" [_thread_blocked, id=36655, stack(0x000070000d17d000,0x000070000d27d000)]
  0x00007f994e1af000 JavaThread "Build operations Thread 2" [_thread_blocked, id=22375, stack(0x000070000d07a000,0x000070000d17a000)]
  0x00007f99507f5000 JavaThread "Build operations" [_thread_blocked, id=31771, stack(0x000070000cf77000,0x000070000d077000)]
  0x00007f995329b000 JavaThread "Cache worker for cache directory md-rule (/Users/danfeinberg/.gradle/caches/6.1.1/md-rule)" [_thread_blocked, id=38267, stack(0x000070000cd71000,0x000070000ce71000)]
  0x00007f9950327000 JavaThread "Cache worker for cache directory md-supplier (/Users/danfeinberg/.gradle/caches/6.1.1/md-supplier)" [_thread_blocked, id=40547, stack(0x000070000cc6e000,0x000070000cd6e000)]
  0x00007f994933c800 JavaThread "Cache worker for file hash cache (/Users/danfeinberg/AndroidStudioProjects/FirebaseDemo/.gradle/6.1.1/fileHashes)" [_thread_blocked, id=33083, stack(0x000070000cb6b000,0x000070000cc6b000)]
  0x00007f994a7bc000 JavaThread "Cache worker for checksums cache (/Users/danfeinberg/AndroidStudioProjects/FirebaseDemo/.gradle/checksums)" [_thread_blocked, id=39027, stack(0x000070000ca68000,0x000070000cb68000)]
  0x00007f994e659800 JavaThread "Thread-705" [_thread_blocked, id=36411, stack(0x000070000c65c000,0x000070000c75c000)]
  0x00007f9955886000 JavaThread "Stdin handler" [_thread_blocked, id=29475, stack(0x000070000c559000,0x000070000c659000)]
  0x00007f994e10a800 JavaThread "Asynchronous log dispatcher for DefaultDaemonConnection: socket connection from /127.0.0.1:62219 to /127.0.0.1:52766" [_thread_blocked, id=24943, stack(0x000070000c456000,0x000070000c556000)]
  0x00007f993ba89000 JavaThread "Daemon worker Thread 19" [_thread_blocked, id=44583, stack(0x000070000c353000,0x000070000c453000)]
  0x00007f9948298000 JavaThread "Cancel handler" [_thread_blocked, id=44087, stack(0x000070000c250000,0x000070000c350000)]
  0x00007f994870d000 JavaThread "Handler for socket connection from /127.0.0.1:62219 to /127.0.0.1:52766" [_thread_in_native, id=43575, stack(0x000070000c04a000,0x000070000c14a000)]
  0x00007f9952d01000 JavaThread "Daemon Thread 19" [_thread_blocked, id=14923, stack(0x000070000bf47000,0x000070000c047000)]
  0x00007f994e062800 JavaThread "Cache worker for Java compile cache (/Users/danfeinberg/.gradle/caches/6.1.1/javaCompile)" [_thread_blocked, id=32771, stack(0x000070000e6bc000,0x000070000e7bc000)]
  0x00007f994f3bf800 JavaThread "Cache worker for file content cache (/Users/danfeinberg/.gradle/caches/6.1.1/fileContent)" [_thread_blocked, id=37635, stack(0x000070000d589000,0x000070000d689000)]
  0x00007f99504aa800 JavaThread "Memory manager" [_thread_blocked, id=25347, stack(0x000070000d486000,0x000070000d586000)]
  0x00007f994c7fe800 JavaThread "Cache worker for execution history cache (/Users/danfeinberg/.gradle/caches/6.1.1/executionHistory)" [_thread_blocked, id=24067, stack(0x000070000ce74000,0x000070000cf74000)]
  0x00007f99493b3000 JavaThread "Cache worker for file hash cache (/Users/danfeinberg/.gradle/caches/6.1.1/fileHashes)" [_thread_blocked, id=40963, stack(0x000070000c965000,0x000070000ca65000)]
  0x00007f994955c800 JavaThread "File lock request listener" [_thread_in_native, id=41475, stack(0x000070000c862000,0x000070000c962000)]
  0x00007f994962a000 JavaThread "Cache worker for journal cache (/Users/danfeinberg/.gradle/caches/journal-1)" [_thread_blocked, id=41731, stack(0x000070000c75f000,0x000070000c85f000)]
  0x00007f9949618000 JavaThread "Daemon periodic checks" [_thread_blocked, id=15363, stack(0x000070000c14d000,0x000070000c24d000)]
  0x00007f994a541000 JavaThread "Incoming local TCP Connector on port 62219" [_thread_in_native, id=14595, stack(0x000070000be44000,0x000070000bf44000)]
  0x00007f994a53c800 JavaThread "Daemon health stats" [_thread_blocked, id=16643, stack(0x000070000bd41000,0x000070000be41000)]
  0x00007f9948068000 JavaThread "Service Thread" daemon [_thread_blocked, id=17667, stack(0x000070000bb3b000,0x000070000bc3b000)]
  0x00007f9948037800 JavaThread "C1 CompilerThread2" daemon [_thread_blocked, id=18179, stack(0x000070000ba38000,0x000070000bb38000)]
  0x00007f9948036800 JavaThread "C2 CompilerThread1" daemon [_thread_blocked, id=13827, stack(0x000070000b935000,0x000070000ba35000)]
  0x00007f9949037800 JavaThread "C2 CompilerThread0" daemon [_thread_blocked, id=18691, stack(0x000070000b832000,0x000070000b932000)]
  0x00007f994a03f800 JavaThread "Signal Dispatcher" daemon [_thread_blocked, id=19203, stack(0x000070000b72f000,0x000070000b82f000)]
  0x00007f9948023000 JavaThread "Finalizer" daemon [_thread_blocked, id=21251, stack(0x000070000b526000,0x000070000b626000)]
  0x00007f9948020800 JavaThread "Reference Handler" daemon [_thread_blocked, id=21507, stack(0x000070000b423000,0x000070000b523000)]
  0x00007f9948009800 JavaThread "main" [_thread_blocked, id=4099, stack(0x000070000ae11000,0x000070000af11000)]

Other Threads:
=>0x00007f994a039800 VMThread [stack: 0x000070000b320000,0x000070000b420000] [id=11267]
  0x00007f9948069000 WatcherThread [stack: 0x000070000bc3e000,0x000070000bd3e000] [id=17155]

VM state:at safepoint (normal execution)

VM Mutex/Monitor currently owned by a thread:  ([mutex/lock_event])
[0x00007f9947d0e3b0] Threads_lock - owner thread: 0x00007f994a039800
[0x00007f9947d0e8b0] Heap_lock - owner thread: 0x00007f9950faa800

heap address: 0x0000000740000000, size: 2048 MB, Compressed Oops mode: Zero based, Oop shift amount: 3
Narrow klass base: 0x0000000000000000, Narrow klass shift: 3
Compressed class space size: 1073741824 Address: 0x00000007c0000000

Heap:
 PSYoungGen      total 606720K, used 91109K [0x0000000795580000, 0x00000007c0000000, 0x00000007c0000000)
  eden space 515584K, 0% used [0x0000000795580000,0x0000000795580000,0x00000007b4d00000)
  from space 91136K, 99% used [0x00000007b4d00000,0x00000007ba5f9540,0x00000007ba600000)
  to   space 92160K, 0% used [0x00000007ba600000,0x00000007ba600000,0x00000007c0000000)
 ParOldGen       total 321536K, used 310451K [0x0000000740000000, 0x0000000753a00000, 0x0000000795580000)
  object space 321536K, 96% used [0x0000000740000000,0x0000000752f2cd08,0x0000000753a00000)
 Metaspace       used 101919K, capacity 109778K, committed 109992K, reserved 1144832K
  class space    used 12887K, capacity 14189K, committed 14256K, reserved 1048576K

Card table byte_map: [0x0000000109278000,0x0000000109679000] byte_map_base: 0x0000000105878000

Marking Bits: (ParMarkBitMap*) 0x00000001088273f8
 Begin Bits: [0x0000000109924000, 0x000000010b924000)
 End Bits:   [0x000000010b924000, 0x000000010d924000)

Polling page: 0x00000001076ed000

CodeCache: size=245760Kb used=85031Kb max_used=85181Kb free=160728Kb
 bounds [0x000000010eaa8000, 0x0000000113e58000, 0x000000011daa8000]
 total_blobs=25294 nmethods=24412 adapters=793
 compilation: enabled

Compilation events (10 events):
Event: 12845.331 Thread 0x00007f9948037800 35587       2       org.apache.commons.codec.binary.BaseNCodec::<init> (12 bytes)
Event: 12845.332 Thread 0x00007f9948037800 nmethod 35587 0x00000001107da250 code [0x00000001107da3c0, 0x00000001107da528]
Event: 12845.332 Thread 0x00007f9948037800 35588       2       org.apache.commons.codec.binary.BaseNCodec::<init> (67 bytes)
Event: 12845.332 Thread 0x00007f9948037800 nmethod 35588 0x00000001107d9e50 code [0x00000001107d9fa0, 0x00000001107da170]
Event: 12845.332 Thread 0x00007f9948037800 35590       2       org.apache.commons.codec.binary.BaseNCodec::encode (60 bytes)
Event: 12845.333 Thread 0x00007f9948037800 nmethod 35590 0x00000001107d9850 code [0x00000001107d99e0, 0x00000001107d9d08]
Event: 12845.333 Thread 0x00007f9948037800 35591       2       org.apache.commons.codec.binary.BaseNCodec$Context::<init> (5 bytes)
Event: 12845.333 Thread 0x00007f9948037800 nmethod 35591 0x00000001107d9510 code [0x00000001107d9660, 0x00000001107d97b0]
Event: 12845.333 Thread 0x00007f9948037800 35592       2       org.apache.commons.codec.binary.BaseNCodec::readResults (85 bytes)
Event: 12845.334 Thread 0x00007f9948037800 nmethod 35592 0x00000001107d9010 code [0x00000001107d9180, 0x00000001107d9428]

GC Heap History (10 events):
Event: 11785.599 GC heap after
Heap after GC invocations=89 (full 6):
 PSYoungGen      total 596992K, used 37340K [0x0000000795580000, 0x00000007bf880000, 0x00000007c0000000)
  eden space 500736K, 0% used [0x0000000795580000,0x0000000795580000,0x00000007b3e80000)
  from space 96256K, 38% used [0x00000007b3e80000,0x00000007b62f7198,0x00000007b9c80000)
  to   space 91136K, 0% used [0x00000007b9f80000,0x00000007b9f80000,0x00000007bf880000)
 ParOldGen       total 321536K, used 253832K [0x0000000740000000, 0x0000000753a00000, 0x0000000795580000)
  object space 321536K, 78% used [0x0000000740000000,0x000000074f7e22b8,0x0000000753a00000)
 Metaspace       used 101463K, capacity 109320K, committed 109480K, reserved 1144832K
  class space    used 12875K, capacity 14182K, committed 14256K, reserved 1048576K
}
Event: 12349.126 GC heap before
{Heap before GC invocations=90 (full 6):
 PSYoungGen      total 596992K, used 538076K [0x0000000795580000, 0x00000007bf880000, 0x00000007c0000000)
  eden space 500736K, 100% used [0x0000000795580000,0x00000007b3e80000,0x00000007b3e80000)
  from space 96256K, 38% used [0x00000007b3e80000,0x00000007b62f7198,0x00000007b9c80000)
  to   space 91136K, 0% used [0x00000007b9f80000,0x00000007b9f80000,0x00000007bf880000)
 ParOldGen       total 321536K, used 253832K [0x0000000740000000, 0x0000000753a00000, 0x0000000795580000)
  object space 321536K, 78% used [0x0000000740000000,0x000000074f7e22b8,0x0000000753a00000)
 Metaspace       used 101581K, capacity 109420K, committed 109736K, reserved 1144832K
  class space    used 12879K, capacity 14186K, committed 14256K, reserved 1048576K
Event: 12349.816 GC heap after
Heap after GC invocations=90 (full 6):
 PSYoungGen      total 601088K, used 45714K [0x0000000795580000, 0x00000007bf800000, 0x00000007c0000000)
  eden space 510464K, 0% used [0x0000000795580000,0x0000000795580000,0x00000007b4800000)
  from space 90624K, 50% used [0x00000007b9f80000,0x00000007bcc24898,0x00000007bf800000)
  to   space 89600K, 0% used [0x00000007b4800000,0x00000007b4800000,0x00000007b9f80000)
 ParOldGen       total 321536K, used 253832K [0x0000000740000000, 0x0000000753a00000, 0x0000000795580000)
  object space 321536K, 78% used [0x0000000740000000,0x000000074f7e22b8,0x0000000753a00000)
 Metaspace       used 101581K, capacity 109420K, committed 109736K, reserved 1144832K
  class space    used 12879K, capacity 14186K, committed 14256K, reserved 1048576K
}
Event: 12706.751 GC heap before
{Heap before GC invocations=91 (full 6):
 PSYoungGen      total 601088K, used 556178K [0x0000000795580000, 0x00000007bf800000, 0x00000007c0000000)
  eden space 510464K, 100% used [0x0000000795580000,0x00000007b4800000,0x00000007b4800000)
  from space 90624K, 50% used [0x00000007b9f80000,0x00000007bcc24898,0x00000007bf800000)
  to   space 89600K, 0% used [0x00000007b4800000,0x00000007b4800000,0x00000007b9f80000)
 ParOldGen       total 321536K, used 253832K [0x0000000740000000, 0x0000000753a00000, 0x0000000795580000)
  object space 321536K, 78% used [0x0000000740000000,0x000000074f7e22b8,0x0000000753a00000)
 Metaspace       used 101673K, capacity 109490K, committed 109736K, reserved 1144832K
  class space    used 12885K, capacity 14187K, committed 14256K, reserved 1048576K
Event: 12707.751 GC heap after
Heap after GC invocations=91 (full 6):
 PSYoungGen      total 600064K, used 46645K [0x0000000795580000, 0x00000007bfc00000, 0x00000007c0000000)
  eden space 510464K, 0% used [0x0000000795580000,0x0000000795580000,0x00000007b4800000)
  from space 89600K, 52% used [0x00000007b4800000,0x00000007b758d720,0x00000007b9f80000)
  to   space 88064K, 0% used [0x00000007ba600000,0x00000007ba600000,0x00000007bfc00000)
 ParOldGen       total 321536K, used 253840K [0x0000000740000000, 0x0000000753a00000, 0x0000000795580000)
  object space 321536K, 78% used [0x0000000740000000,0x000000074f7e42b8,0x0000000753a00000)
 Metaspace       used 101673K, capacity 109490K, committed 109736K, reserved 1144832K
  class space    used 12885K, capacity 14187K, committed 14256K, reserved 1048576K
}
Event: 12840.841 GC heap before
{Heap before GC invocations=92 (full 6):
 PSYoungGen      total 600064K, used 557109K [0x0000000795580000, 0x00000007bfc00000, 0x00000007c0000000)
  eden space 510464K, 100% used [0x0000000795580000,0x00000007b4800000,0x00000007b4800000)
  from space 89600K, 52% used [0x00000007b4800000,0x00000007b758d720,0x00000007b9f80000)
  to   space 88064K, 0% used [0x00000007ba600000,0x00000007ba600000,0x00000007bfc00000)
 ParOldGen       total 321536K, used 253840K [0x0000000740000000, 0x0000000753a00000, 0x0000000795580000)
  object space 321536K, 78% used [0x0000000740000000,0x000000074f7e42b8,0x0000000753a00000)
 Metaspace       used 101851K, capacity 109698K, committed 109992K, reserved 1144832K
  class space    used 12887K, capacity 14189K, committed 14256K, reserved 1048576K
Event: 12842.655 GC heap after
Heap after GC invocations=92 (full 6):
 PSYoungGen      total 603648K, used 59286K [0x0000000795580000, 0x00000007c0000000, 0x00000007c0000000)
  eden space 515584K, 0% used [0x0000000795580000,0x0000000795580000,0x00000007b4d00000)
  from space 88064K, 67% used [0x00000007ba600000,0x00000007bdfe5b68,0x00000007bfc00000)
  to   space 91136K, 0% used [0x00000007b4d00000,0x00000007b4d00000,0x00000007ba600000)
 ParOldGen       total 321536K, used 253840K [0x0000000740000000, 0x0000000753a00000, 0x0000000795580000)
  object space 321536K, 78% used [0x0000000740000000,0x000000074f7e42b8,0x0000000753a00000)
 Metaspace       used 101851K, capacity 109698K, committed 109992K, reserved 1144832K
  class space    used 12887K, capacity 14189K, committed 14256K, reserved 1048576K
}
Event: 12845.501 GC heap before
{Heap before GC invocations=93 (full 6):
 PSYoungGen      total 603648K, used 574870K [0x0000000795580000, 0x00000007c0000000, 0x00000007c0000000)
  eden space 515584K, 100% used [0x0000000795580000,0x00000007b4d00000,0x00000007b4d00000)
  from space 88064K, 67% used [0x00000007ba600000,0x00000007bdfe5b68,0x00000007bfc00000)
  to   space 91136K, 0% used [0x00000007b4d00000,0x00000007b4d00000,0x00000007ba600000)
 ParOldGen       total 321536K, used 253840K [0x0000000740000000, 0x0000000753a00000, 0x0000000795580000)
  object space 321536K, 78% used [0x0000000740000000,0x000000074f7e42b8,0x0000000753a00000)
 Metaspace       used 101919K, capacity 109778K, committed 109992K, reserved 1144832K
  class space    used 12887K, capacity 14189K, committed 14256K, reserved 1048576K
Event: 12847.559 GC heap after
Heap after GC invocations=93 (full 6):
 PSYoungGen      total 606720K, used 91109K [0x0000000795580000, 0x00000007c0000000, 0x00000007c0000000)
  eden space 515584K, 0% used [0x0000000795580000,0x0000000795580000,0x00000007b4d00000)
  from space 91136K, 99% used [0x00000007b4d00000,0x00000007ba5f9540,0x00000007ba600000)
  to   space 92160K, 0% used [0x00000007ba600000,0x00000007ba600000,0x00000007c0000000)
 ParOldGen       total 321536K, used 310451K [0x0000000740000000, 0x0000000753a00000, 0x0000000795580000)
  object space 321536K, 96% used [0x0000000740000000,0x0000000752f2cd08,0x0000000753a00000)
 Metaspace       used 101919K, capacity 109778K, committed 109992K, reserved 1144832K
  class space    used 12887K, capacity 14189K, committed 14256K, reserved 1048576K
}
Event: 12847.562 GC heap before
{Heap before GC invocations=94 (full 7):
 PSYoungGen      total 606720K, used 91109K [0x0000000795580000, 0x00000007c0000000, 0x00000007c0000000)
  eden space 515584K, 0% used [0x0000000795580000,0x0000000795580000,0x00000007b4d00000)
  from space 91136K, 99% used [0x00000007b4d00000,0x00000007ba5f9540,0x00000007ba600000)
  to   space 92160K, 0% used [0x00000007ba600000,0x00000007ba600000,0x00000007c0000000)
 ParOldGen       total 321536K, used 310451K [0x0000000740000000, 0x0000000753a00000, 0x0000000795580000)
  object space 321536K, 96% used [0x0000000740000000,0x0000000752f2cd08,0x0000000753a00000)
 Metaspace       used 101919K, capacity 109778K, committed 109992K, reserved 1144832K
  class space    used 12887K, capacity 14189K, committed 14256K, reserved 1048576K

Deoptimization events (10 events):
Event: 12839.187 Thread 0x00007f9948772000 Uncommon trap: reason=bimorphic action=maybe_recompile pc=0x0000000111fe7d7c method=org.gradle.internal.hash.DefaultStreamHasher.doHash(Ljava/io/InputStream;Ljava/io/OutputStream;)Lorg/gradle/internal/hash/HashCode; @ 22
Event: 12839.187 Thread 0x00007f9948772000 Uncommon trap: reason=bimorphic action=maybe_recompile pc=0x0000000111fe7d7c method=org.gradle.internal.hash.DefaultStreamHasher.doHash(Ljava/io/InputStream;Ljava/io/OutputStream;)Lorg/gradle/internal/hash/HashCode; @ 22
Event: 12839.189 Thread 0x00007f9948772000 Uncommon trap: reason=bimorphic action=maybe_recompile pc=0x0000000111fe7d7c method=org.gradle.internal.hash.DefaultStreamHasher.doHash(Ljava/io/InputStream;Ljava/io/OutputStream;)Lorg/gradle/internal/hash/HashCode; @ 22
Event: 12843.250 Thread 0x00007f99558e5000 Uncommon trap: reason=array_check action=maybe_recompile pc=0x0000000112d9e6e8 method=java.util.TimSort.mergeHi(IIII)V @ 657
Event: 12843.252 Thread 0x00007f99558e5000 Uncommon trap: reason=array_check action=maybe_recompile pc=0x0000000112d9e84c method=java.util.TimSort.mergeHi(IIII)V @ 524
Event: 12843.297 Thread 0x00007f99558e5000 Uncommon trap: reason=unstable_if action=reinterpret pc=0x0000000113dcf0f8 method=sun.util.calendar.BaseCalendar.getCalendarDateFromFixedDate(Lsun/util/calendar/CalendarDate;J)V @ 130
Event: 12843.305 Thread 0x00007f99558e5000 Uncommon trap: reason=bimorphic action=maybe_recompile pc=0x00000001136eff88 method=java.util.zip.DeflaterOutputStream.deflate()V @ 32
Event: 12843.307 Thread 0x00007f99558e5000 Uncommon trap: reason=bimorphic action=maybe_recompile pc=0x00000001136eff88 method=java.util.zip.DeflaterOutputStream.deflate()V @ 32
Event: 12843.307 Thread 0x00007f99558e5000 Uncommon trap: reason=bimorphic action=maybe_recompile pc=0x00000001136eff88 method=java.util.zip.DeflaterOutputStream.deflate()V @ 32
Event: 12843.307 Thread 0x00007f99558e5000 Uncommon trap: reason=bimorphic action=maybe_recompile pc=0x00000001136eff88 method=java.util.zip.DeflaterOutputStream.deflate()V @ 32

Classes redefined (0 events):
No events

Internal exceptions (10 events):
Event: 12843.099 Thread 0x00007f993b8e5000 Exception <a 'sun/nio/fs/UnixException'> (0x0000000796ff0898) thrown at [/Volumes/Android/buildbot/src/googleplex-android/openjdk/out/hotspot/src/share/vm/prims/jni.cpp, line 710]
Event: 12843.104 Thread 0x00007f993b8e5000 Exception <a 'sun/nio/fs/UnixException'> (0x0000000796ff81a0) thrown at [/Volumes/Android/buildbot/src/googleplex-android/openjdk/out/hotspot/src/share/vm/prims/jni.cpp, line 710]
Event: 12843.116 Thread 0x00007f993b8e5000 Exception <a 'sun/nio/fs/UnixException'> (0x0000000796fff988) thrown at [/Volumes/Android/buildbot/src/googleplex-android/openjdk/out/hotspot/src/share/vm/prims/jni.cpp, line 710]
Event: 12843.132 Thread 0x00007f993b8e5000 Exception <a 'sun/nio/fs/UnixException'> (0x0000000797008230) thrown at [/Volumes/Android/buildbot/src/googleplex-android/openjdk/out/hotspot/src/share/vm/prims/jni.cpp, line 710]
Event: 12843.135 Thread 0x00007f993b8e5000 Exception <a 'sun/nio/fs/UnixException'> (0x000000079700fbe0) thrown at [/Volumes/Android/buildbot/src/googleplex-android/openjdk/out/hotspot/src/share/vm/prims/jni.cpp, line 710]
Event: 12843.144 Thread 0x00007f993b8e5000 Exception <a 'sun/nio/fs/UnixException'> (0x00000007970167e0) thrown at [/Volumes/Android/buildbot/src/googleplex-android/openjdk/out/hotspot/src/share/vm/prims/jni.cpp, line 710]
Event: 12843.165 Thread 0x00007f993b8e5000 Exception <a 'sun/nio/fs/UnixException'> (0x00000007986fc650) thrown at [/Volumes/Android/buildbot/src/googleplex-android/openjdk/out/hotspot/src/share/vm/prims/jni.cpp, line 710]
Event: 12843.179 Thread 0x00007f993b8e5000 Exception <a 'sun/nio/fs/UnixException'> (0x0000000798704120) thrown at [/Volumes/Android/buildbot/src/googleplex-android/openjdk/out/hotspot/src/share/vm/prims/jni.cpp, line 710]
Event: 12843.184 Thread 0x00007f993b8e5000 Exception <a 'sun/nio/fs/UnixException'> (0x000000079870ad70) thrown at [/Volumes/Android/buildbot/src/googleplex-android/openjdk/out/hotspot/src/share/vm/prims/jni.cpp, line 710]
Event: 12843.797 Thread 0x00007f99496ab800 Exception <a 'sun/nio/fs/UnixException'> (0x000000079effc398) thrown at [/Volumes/Android/buildbot/src/googleplex-android/openjdk/out/hotspot/src/share/vm/prims/jni.cpp, line 710]

Events (10 events):
Event: 12844.394 Executing VM operation: RevokeBias
Event: 12844.395 Executing VM operation: RevokeBias done
Event: 12844.400 Thread 0x00007f9950faa800 DEOPT PACKING pc=0x000000010fb2d474 sp=0x000070000dd9c540
Event: 12844.400 Thread 0x00007f9950faa800 DEOPT UNPACKING pc=0x000000010eaef4c4 sp=0x000070000dd9c338 mode 0
Event: 12844.403 Executing VM operation: RevokeBias
Event: 12844.404 Executing VM operation: RevokeBias done
Event: 12844.638 Thread 0x00007f99558e7000 DEOPT PACKING pc=0x000000010f9809f9 sp=0x000070000dc99780
Event: 12844.638 Thread 0x00007f99558e7000 DEOPT UNPACKING pc=0x000000010eaef4c4 sp=0x000070000dc99568 mode 0
Event: 12845.190 Thread 0x00007f994e629800 Thread exited: 0x00007f994e629800
Event: 12845.501 Executing VM operation: ParallelGCFailedAllocation


Dynamic libraries:
0x00007fff30b00000 	/System/Library/Frameworks/Cocoa.framework/Versions/A/Cocoa
0x00007fff3e2e8000 	/System/Library/Frameworks/Security.framework/Versions/A/Security
0x00007fff2fa67000 	/System/Library/Frameworks/ApplicationServices.framework/Versions/A/ApplicationServices
0x00007fff6af40000 	/usr/lib/libz.1.dylib
0x00007fff68a04000 	/usr/lib/libSystem.B.dylib
0x00007fff319a0000 	/System/Library/Frameworks/CoreFoundation.framework/Versions/A/CoreFoundation
0x00007fff3405a000 	/System/Library/Frameworks/Foundation.framework/Versions/C/Foundation
0x00007fff6a864000 	/usr/lib/libobjc.A.dylib
0x00007fff2ec57000 	/System/Library/Frameworks/AppKit.framework/Versions/C/AppKit
0x00007fff31484000 	/System/Library/Frameworks/CoreData.framework/Versions/A/CoreData
0x00007fff62a1f000 	/System/Library/PrivateFrameworks/UIFoundation.framework/Versions/A/UIFoundation
0x00007fff5dac3000 	/System/Library/PrivateFrameworks/RemoteViewServices.framework/Versions/A/RemoteViewServices
0x00007fff65574000 	/System/Library/PrivateFrameworks/XCTTargetBootstrap.framework/Versions/A/XCTTargetBootstrap
0x00007fff3186f000 	/System/Library/Frameworks/CoreDisplay.framework/Versions/A/CoreDisplay
0x00007fff36f15000 	/System/Library/Frameworks/Metal.framework/Versions/A/Metal
0x00007fff4bacf000 	/System/Library/PrivateFrameworks/DesktopServicesPriv.framework/Versions/A/DesktopServicesPriv
0x00007fff69b3f000 	/usr/lib/liblangid.dylib
0x00007fff4ad67000 	/System/Library/PrivateFrameworks/CoreSVG.framework/Versions/A/CoreSVG
0x00007fff60c1c000 	/System/Library/PrivateFrameworks/SkyLight.framework/Versions/A/SkyLight
0x00007fff31e21000 	/System/Library/Frameworks/CoreGraphics.framework/Versions/A/CoreGraphics
0x00007fff2d62b000 	/System/Library/Frameworks/Accelerate.framework/Versions/A/Accelerate
0x00007fff6ae31000 	/usr/lib/libxml2.2.dylib
0x00007fff56a5c000 	/System/Library/PrivateFrameworks/IconServices.framework/Versions/A/IconServices
0x00007fff34839000 	/System/Library/Frameworks/IOSurface.framework/Versions/A/IOSurface
0x00007fff6852e000 	/usr/lib/libDiagnosticMessagesClient.dylib
0x00007fff4b929000 	/System/Library/PrivateFrameworks/DFRFoundation.framework/Versions/A/DFRFoundation
0x00007fff698ce000 	/usr/lib/libicucore.A.dylib
0x00007fff2fd99000 	/System/Library/Frameworks/AudioToolbox.framework/Versions/A/AudioToolbox
0x00007fff2fe7c000 	/System/Library/Frameworks/AudioUnit.framework/Versions/A/AudioUnit
0x00007fff68c06000 	/usr/lib/libauto.dylib
0x00007fff4b9cb000 	/System/Library/PrivateFrameworks/DataDetectorsCore.framework/Versions/A/DataDetectorsCore
0x00007fff30621000 	/System/Library/Frameworks/Carbon.framework/Versions/A/Frameworks/HIToolbox.framework/Versions/A/HIToolbox
0x00007fff3d4e5000 	/System/Library/Frameworks/QuartzCore.framework/Versions/A/QuartzCore
0x00007fff30960000 	/System/Library/Frameworks/Carbon.framework/Versions/A/Frameworks/SpeechRecognition.framework/Versions/A/SpeechRecognition
0x00007fff4b440000 	/System/Library/PrivateFrameworks/CoreUI.framework/Versions/A/CoreUI
0x00007fff30eef000 	/System/Library/Frameworks/CoreAudio.framework/Versions/A/CoreAudio
0x00007fff33d1b000 	/System/Library/Frameworks/DiskArbitration.framework/Versions/A/DiskArbitration
0x00007fff58aaa000 	/System/Library/PrivateFrameworks/MultitouchSupport.framework/Versions/A/MultitouchSupport
0x00007fff69795000 	/usr/lib/libenergytrace.dylib
0x00007fff34793000 	/System/Library/Frameworks/IOKit.framework/Versions/A/IOKit
0x00007fff32d87000 	/System/Library/Frameworks/CoreServices.framework/Versions/A/CoreServices
0x00007fff5ac59000 	/System/Library/PrivateFrameworks/PerformanceAnalysis.framework/Versions/A/PerformanceAnalysis
0x00007fff3c518000 	/System/Library/Frameworks/OpenGL.framework/Versions/A/OpenGL
0x00007fff30b0e000 	/System/Library/Frameworks/ColorSync.framework/Versions/A/ColorSync
0x00007fff324a3000 	/System/Library/Frameworks/CoreImage.framework/Versions/A/CoreImage
0x00007fff337fa000 	/System/Library/Frameworks/CoreText.framework/Versions/A/CoreText
0x00007fff348c9000 	/System/Library/Frameworks/ImageIO.framework/Versions/A/ImageIO
0x00007fff68cea000 	/usr/lib/libc++.1.dylib
0x00007fff68d66000 	/usr/lib/libcompression.dylib
0x00007fff68872000 	/usr/lib/libMobileGestalt.dylib
0x00007fff62794000 	/System/Library/PrivateFrameworks/TextureIO.framework/Versions/A/TextureIO
0x00007fff68b69000 	/usr/lib/libate.dylib
0x00007fff56c65000 	/System/Library/PrivateFrameworks/InternationalSupport.framework/Versions/A/InternationalSupport
0x00007fff6b800000 	/usr/lib/system/libcache.dylib
0x00007fff6b806000 	/usr/lib/system/libcommonCrypto.dylib
0x00007fff6b812000 	/usr/lib/system/libcompiler_rt.dylib
0x00007fff6b81a000 	/usr/lib/system/libcopyfile.dylib
0x00007fff6b824000 	/usr/lib/system/libcorecrypto.dylib
0x00007fff6b9c3000 	/usr/lib/system/libdispatch.dylib
0x00007fff6ba04000 	/usr/lib/system/libdyld.dylib
0x00007fff6ba3b000 	/usr/lib/system/libkeymgr.dylib
0x00007fff6ba49000 	/usr/lib/system/liblaunch.dylib
0x00007fff6ba4a000 	/usr/lib/system/libmacho.dylib
0x00007fff6ba50000 	/usr/lib/system/libquarantine.dylib
0x00007fff6ba53000 	/usr/lib/system/libremovefile.dylib
0x00007fff6ba55000 	/usr/lib/system/libsystem_asl.dylib
0x00007fff6ba6d000 	/usr/lib/system/libsystem_blocks.dylib
0x00007fff6ba6e000 	/usr/lib/system/libsystem_c.dylib
0x00007fff6baf6000 	/usr/lib/system/libsystem_configuration.dylib
0x00007fff6bafa000 	/usr/lib/system/libsystem_coreservices.dylib
0x00007fff6bafe000 	/usr/lib/system/libsystem_darwin.dylib
0x00007fff6bb07000 	/usr/lib/system/libsystem_dnssd.dylib
0x00007fff6bb0f000 	/usr/lib/system/libsystem_featureflags.dylib
0x00007fff6bb11000 	/usr/lib/system/libsystem_info.dylib
0x00007fff6bb8c000 	/usr/lib/system/libsystem_m.dylib
0x00007fff6bbd4000 	/usr/lib/system/libsystem_malloc.dylib
0x00007fff6bbfc000 	/usr/lib/system/libsystem_networkextension.dylib
0x00007fff6bc0a000 	/usr/lib/system/libsystem_notify.dylib
0x00007fff6bc28000 	/usr/lib/system/libsystem_sandbox.dylib
0x00007fff6bc2d000 	/usr/lib/system/libsystem_secinit.dylib
0x00007fff6bb5f000 	/usr/lib/system/libsystem_kernel.dylib
0x00007fff6bc14000 	/usr/lib/system/libsystem_platform.dylib
0x00007fff6bc1d000 	/usr/lib/system/libsystem_pthread.dylib
0x00007fff6bc30000 	/usr/lib/system/libsystem_symptoms.dylib
0x00007fff6bc38000 	/usr/lib/system/libsystem_trace.dylib
0x00007fff6bc50000 	/usr/lib/system/libunwind.dylib
0x00007fff6bc56000 	/usr/lib/system/libxpc.dylib
0x00007fff68d3d000 	/usr/lib/libc++abi.dylib
0x00007fff69b41000 	/usr/lib/liblzma.5.dylib
0x00007fff697bc000 	/usr/lib/libfakelink.dylib
0x00007fff68af6000 	/usr/lib/libarchive.2.dylib
0x00007fff3f399000 	/System/Library/Frameworks/SystemConfiguration.framework/Versions/A/SystemConfiguration
0x00007fff68461000 	/usr/lib/libCRFSuite.dylib
0x00007fff30212000 	/System/Library/Frameworks/CFNetwork.framework/Versions/A/CFNetwork
0x00007fff68ccc000 	/usr/lib/libbsm.0.dylib
0x00007fff6ba3c000 	/usr/lib/system/libkxld.dylib
0x00007fff452b5000 	/System/Library/PrivateFrameworks/AppleFSCompression.framework/Versions/A/AppleFSCompression
0x00007fff69057000 	/usr/lib/libcoretls.dylib
0x00007fff6906e000 	/usr/lib/libcoretls_cfhelpers.dylib
0x00007fff6a8aa000 	/usr/lib/libpam.2.dylib
0x00007fff6a9df000 	/usr/lib/libsqlite3.dylib
0x00007fff6ae1e000 	/usr/lib/libxar.1.dylib
0x00007fff68cdd000 	/usr/lib/libbz2.1.0.dylib
0x00007fff697dd000 	/usr/lib/libiconv.2.dylib
0x00007fff68d53000 	/usr/lib/libcharset.1.dylib
0x00007fff6a347000 	/usr/lib/libnetwork.dylib
0x00007fff6a8b1000 	/usr/lib/libpcap.A.dylib
0x00007fff68aab000 	/usr/lib/libapple_nghttp2.dylib
0x00007fff3313e000 	/System/Library/Frameworks/CoreServices.framework/Versions/A/Frameworks/FSEvents.framework/Versions/A/FSEvents
0x00007fff32e0e000 	/System/Library/Frameworks/CoreServices.framework/Versions/A/Frameworks/CarbonCore.framework/Versions/A/CarbonCore
0x00007fff33382000 	/System/Library/Frameworks/CoreServices.framework/Versions/A/Frameworks/Metadata.framework/Versions/A/Metadata
0x00007fff3341b000 	/System/Library/Frameworks/CoreServices.framework/Versions/A/Frameworks/OSServices.framework/Versions/A/OSServices
0x00007fff33449000 	/System/Library/Frameworks/CoreServices.framework/Versions/A/Frameworks/SearchKit.framework/Versions/A/SearchKit
0x00007fff32d88000 	/System/Library/Frameworks/CoreServices.framework/Versions/A/Frameworks/AE.framework/Versions/A/AE
0x00007fff33147000 	/System/Library/Frameworks/CoreServices.framework/Versions/A/Frameworks/LaunchServices.framework/Versions/A/LaunchServices
0x00007fff330f0000 	/System/Library/Frameworks/CoreServices.framework/Versions/A/Frameworks/DictionaryServices.framework/Versions/A/DictionaryServices
0x00007fff334b1000 	/System/Library/Frameworks/CoreServices.framework/Versions/A/Frameworks/SharedFileList.framework/Versions/A/SharedFileList
0x00007fff38338000 	/System/Library/Frameworks/NetFS.framework/Versions/A/NetFS
0x00007fff58fda000 	/System/Library/PrivateFrameworks/NetAuth.framework/Versions/A/NetAuth
0x00007fff65941000 	/System/Library/PrivateFrameworks/login.framework/Versions/A/Frameworks/loginsupport.framework/Versions/A/loginsupport
0x00007fff6225f000 	/System/Library/PrivateFrameworks/TCC.framework/Versions/A/TCC
0x00007fff49eda000 	/System/Library/PrivateFrameworks/CoreNLP.framework/Versions/A/CoreNLP
0x00007fff584d7000 	/System/Library/PrivateFrameworks/MetadataUtilities.framework/Versions/A/MetadataUtilities
0x00007fff69c19000 	/usr/lib/libmecabra.dylib
0x00007fff69b71000 	/usr/lib/libmecab.dylib
0x00007fff697cd000 	/usr/lib/libgermantok.dylib
0x00007fff68a92000 	/usr/lib/libThaiTokenizer.dylib
0x00007fff68498000 	/usr/lib/libChineseTokenizer.dylib
0x00007fff2d643000 	/System/Library/Frameworks/Accelerate.framework/Versions/A/Frameworks/vImage.framework/Versions/A/vImage
0x00007fff2eaad000 	/System/Library/Frameworks/Accelerate.framework/Versions/A/Frameworks/vecLib.framework/Versions/A/vecLib
0x00007fff2e9ea000 	/System/Library/Frameworks/Accelerate.framework/Versions/A/Frameworks/vecLib.framework/Versions/A/libvMisc.dylib
0x00007fff2e812000 	/System/Library/Frameworks/Accelerate.framework/Versions/A/Frameworks/vecLib.framework/Versions/A/libvDSP.dylib
0x00007fff2dc9a000 	/System/Library/Frameworks/Accelerate.framework/Versions/A/Frameworks/vecLib.framework/Versions/A/libBLAS.dylib
0x00007fff2e3d6000 	/System/Library/Frameworks/Accelerate.framework/Versions/A/Frameworks/vecLib.framework/Versions/A/libLAPACK.dylib
0x00007fff2e772000 	/System/Library/Frameworks/Accelerate.framework/Versions/A/Frameworks/vecLib.framework/Versions/A/libLinearAlgebra.dylib
0x00007fff2e7ff000 	/System/Library/Frameworks/Accelerate.framework/Versions/A/Frameworks/vecLib.framework/Versions/A/libSparseBLAS.dylib
0x00007fff2e788000 	/System/Library/Frameworks/Accelerate.framework/Versions/A/Frameworks/vecLib.framework/Versions/A/libQuadrature.dylib
0x00007fff2df02000 	/System/Library/Frameworks/Accelerate.framework/Versions/A/Frameworks/vecLib.framework/Versions/A/libBNNS.dylib
0x00007fff2e78e000 	/System/Library/Frameworks/Accelerate.framework/Versions/A/Frameworks/vecLib.framework/Versions/A/libSparse.dylib
0x00007fff5704d000 	/System/Library/PrivateFrameworks/LanguageModeling.framework/Versions/A/LanguageModeling
0x00007fff4988a000 	/System/Library/PrivateFrameworks/CoreEmoji.framework/Versions/A/CoreEmoji
0x00007fff5716b000 	/System/Library/PrivateFrameworks/LinguisticData.framework/Versions/A/LinguisticData
0x00007fff5711c000 	/System/Library/PrivateFrameworks/Lexicon.framework/Versions/A/Lexicon
0x00007fff68d54000 	/usr/lib/libcmph.dylib
0x00007fff3af26000 	/System/Library/Frameworks/OpenDirectory.framework/Versions/A/Frameworks/CFOpenDirectory.framework/Versions/A/CFOpenDirectory
0x00007fff3af43000 	/System/Library/Frameworks/OpenDirectory.framework/Versions/A/OpenDirectory
0x00007fff43368000 	/System/Library/PrivateFrameworks/APFS.framework/Versions/A/APFS
0x00007fff3e632000 	/System/Library/Frameworks/SecurityFoundation.framework/Versions/A/SecurityFoundation
0x00007fff6ae1a000 	/usr/lib/libutil.dylib
0x00007fff4adbf000 	/System/Library/PrivateFrameworks/CoreServicesStore.framework/Versions/A/CoreServicesStore
0x00007fff3e6e9000 	/System/Library/Frameworks/ServiceManagement.framework/Versions/A/ServiceManagement
0x00007fff46a84000 	/System/Library/PrivateFrameworks/BackgroundTaskManagement.framework/Versions/A/BackgroundTaskManagement
0x00007fff6af17000 	/usr/lib/libxslt.1.dylib
0x00007fff45928000 	/System/Library/PrivateFrameworks/AppleSystemInfo.framework/Versions/A/AppleSystemInfo
0x00007fff34ae4000 	/System/Library/Frameworks/ImageIO.framework/Versions/A/Resources/libJPEG.dylib
0x00007fff34da0000 	/System/Library/Frameworks/ImageIO.framework/Versions/A/Resources/libTIFF.dylib
0x00007fff34d83000 	/System/Library/Frameworks/ImageIO.framework/Versions/A/Resources/libPng.dylib
0x00007fff34a26000 	/System/Library/Frameworks/ImageIO.framework/Versions/A/Resources/libGIF.dylib
0x00007fff34a2a000 	/System/Library/Frameworks/ImageIO.framework/Versions/A/Resources/libJP2.dylib
0x00007fff34d9e000 	/System/Library/Frameworks/ImageIO.framework/Versions/A/Resources/libRadiance.dylib
0x00007fff69796000 	/usr/lib/libexpat.1.dylib
0x00007fff45410000 	/System/Library/PrivateFrameworks/AppleJPEG.framework/Versions/A/AppleJPEG
0x00007fff4e0be000 	/System/Library/PrivateFrameworks/FontServices.framework/libFontParser.dylib
0x00007fff64946000 	/System/Library/PrivateFrameworks/WatchdogClient.framework/Versions/A/WatchdogClient
0x00007fff566a8000 	/System/Library/PrivateFrameworks/IOAccelerator.framework/Versions/A/IOAccelerator
0x00007fff372b0000 	/System/Library/Frameworks/MetalPerformanceShaders.framework/Versions/A/MetalPerformanceShaders
0x00007fff52e3f000 	/System/Library/PrivateFrameworks/GPUWrangler.framework/Versions/A/GPUWrangler
0x00007fff566bd000 	/System/Library/PrivateFrameworks/IOPresentment.framework/Versions/A/IOPresentment
0x00007fff4b93c000 	/System/Library/PrivateFrameworks/DSExternalDisplay.framework/Versions/A/DSExternalDisplay
0x00007fff3b8b7000 	/System/Library/Frameworks/OpenGL.framework/Versions/A/Libraries/libCoreFSCache.dylib
0x00007fff36ffc000 	/System/Library/Frameworks/MetalPerformanceShaders.framework/Frameworks/MPSCore.framework/Versions/A/MPSCore
0x00007fff3703a000 	/System/Library/Frameworks/MetalPerformanceShaders.framework/Frameworks/MPSImage.framework/Versions/A/MPSImage
0x00007fff37101000 	/System/Library/Frameworks/MetalPerformanceShaders.framework/Frameworks/MPSNeuralNetwork.framework/Versions/A/MPSNeuralNetwork
0x00007fff370c5000 	/System/Library/Frameworks/MetalPerformanceShaders.framework/Frameworks/MPSMatrix.framework/Versions/A/MPSMatrix
0x00007fff37260000 	/System/Library/Frameworks/MetalPerformanceShaders.framework/Frameworks/MPSRayIntersector.framework/Versions/A/MPSRayIntersector
0x00007fff370eb000 	/System/Library/Frameworks/MetalPerformanceShaders.framework/Frameworks/MPSNDArray.framework/Versions/A/MPSNDArray
0x00007fff58524000 	/System/Library/PrivateFrameworks/MetalTools.framework/Versions/A/MetalTools
0x00007fff4453d000 	/System/Library/PrivateFrameworks/AggregateDictionary.framework/Versions/A/AggregateDictionary
0x00007fff492d4000 	/System/Library/PrivateFrameworks/CoreAnalytics.framework/Versions/A/CoreAnalytics
0x00007fff45847000 	/System/Library/PrivateFrameworks/AppleSauce.framework/Versions/A/AppleSauce
0x00007fff68754000 	/usr/lib/libIOReport.dylib
0x00007fff339b2000 	/System/Library/Frameworks/CoreVideo.framework/Versions/A/CoreVideo
0x00007fff542b9000 	/System/Library/PrivateFrameworks/GraphVisualizer.framework/Versions/A/GraphVisualizer
0x00007fff4d605000 	/System/Library/PrivateFrameworks/FaceCore.framework/Versions/A/FaceCore
0x00007fff3aecd000 	/System/Library/Frameworks/OpenCL.framework/Versions/A/OpenCL
0x00007fff68576000 	/usr/lib/libFosl_dynamic.dylib
0x00007fff599fa000 	/System/Library/PrivateFrameworks/OTSVG.framework/Versions/A/OTSVG
0x00007fff2fb6c000 	/System/Library/Frameworks/ApplicationServices.framework/Versions/A/Frameworks/ATS.framework/Versions/A/Resources/libFontRegistry.dylib
0x00007fff4e290000 	/System/Library/PrivateFrameworks/FontServices.framework/libhvf.dylib
0x00007fff3b8c2000 	/System/Library/Frameworks/OpenGL.framework/Versions/A/Libraries/libGFXShared.dylib
0x00007fff3baa0000 	/System/Library/Frameworks/OpenGL.framework/Versions/A/Libraries/libGLU.dylib
0x00007fff3b8cb000 	/System/Library/Frameworks/OpenGL.framework/Versions/A/Libraries/libGL.dylib
0x00007fff3b8d6000 	/System/Library/Frameworks/OpenGL.framework/Versions/A/Libraries/libGLImage.dylib
0x00007fff3b8b4000 	/System/Library/Frameworks/OpenGL.framework/Versions/A/Libraries/libCVMSPluginSupport.dylib
0x00007fff3b8bd000 	/System/Library/Frameworks/OpenGL.framework/Versions/A/Libraries/libCoreVMClient.dylib
0x00007fff6a1e8000 	/usr/lib/libncurses.5.4.dylib
0x00007fff2fa68000 	/System/Library/Frameworks/ApplicationServices.framework/Versions/A/Frameworks/ATS.framework/Versions/A/ATS
0x00007fff2fc35000 	/System/Library/Frameworks/ApplicationServices.framework/Versions/A/Frameworks/ColorSyncLegacy.framework/Versions/A/ColorSyncLegacy
0x00007fff2fcd3000 	/System/Library/Frameworks/ApplicationServices.framework/Versions/A/Frameworks/HIServices.framework/Versions/A/HIServices
0x00007fff2fd2b000 	/System/Library/Frameworks/ApplicationServices.framework/Versions/A/Frameworks/LangAnalysis.framework/Versions/A/LangAnalysis
0x00007fff2fd3a000 	/System/Library/Frameworks/ApplicationServices.framework/Versions/A/Frameworks/PrintCore.framework/Versions/A/PrintCore
0x00007fff2fd80000 	/System/Library/Frameworks/ApplicationServices.framework/Versions/A/Frameworks/QD.framework/Versions/A/QD
0x00007fff2fd8b000 	/System/Library/Frameworks/ApplicationServices.framework/Versions/A/Frameworks/SpeechSynthesis.framework/Versions/A/SpeechSynthesis
0x00007fff2fc05000 	/System/Library/Frameworks/ApplicationServices.framework/Versions/A/Frameworks/ATSUI.framework/Versions/A/ATSUI
0x00007fff6962c000 	/usr/lib/libcups.2.dylib
0x00007fff3634b000 	/System/Library/Frameworks/Kerberos.framework/Versions/A/Kerberos
0x00007fff3448c000 	/System/Library/Frameworks/GSS.framework/Versions/A/GSS
0x00007fff6a96b000 	/usr/lib/libresolv.9.dylib
0x00007fff54466000 	/System/Library/PrivateFrameworks/Heimdal.framework/Versions/A/Heimdal
0x00007fff3635e000 	/System/Library/Frameworks/Kerberos.framework/Versions/A/Libraries/libHeimdalProxy.dylib
0x00007fff697d3000 	/usr/lib/libheimdal-asn1.dylib
0x00007fff4876f000 	/System/Library/PrivateFrameworks/CommonAuth.framework/Versions/A/CommonAuth
0x00007fff459c5000 	/System/Library/PrivateFrameworks/AssertionServices.framework/Versions/A/AssertionServices
0x00007fff46567000 	/System/Library/PrivateFrameworks/AudioToolboxCore.framework/Versions/A/AudioToolboxCore
0x00007fff655f1000 	/System/Library/PrivateFrameworks/caulk.framework/Versions/A/caulk
0x00007fff46b30000 	/System/Library/PrivateFrameworks/BaseBoard.framework/Versions/A/BaseBoard
0x00007fff5dc51000 	/System/Library/PrivateFrameworks/RunningBoardServices.framework/Versions/A/RunningBoardServices
0x00007fff5ac65000 	/System/Library/PrivateFrameworks/PersistentConnection.framework/Versions/A/PersistentConnection
0x00007fff5d64b000 	/System/Library/PrivateFrameworks/ProtocolBuffer.framework/Versions/A/ProtocolBuffer
0x00007fff48793000 	/System/Library/PrivateFrameworks/CommonUtilities.framework/Versions/A/CommonUtilities
0x00007fff46cbe000 	/System/Library/PrivateFrameworks/Bom.framework/Versions/A/Bom
0x00007fff68427000 	/usr/lib/libAudioToolboxUtility.dylib
0x00007fff46a8e000 	/System/Library/PrivateFrameworks/Backup.framework/Versions/A/Backup
0x00007fff4b85d000 	/System/Library/PrivateFrameworks/CrashReporterSupport.framework/Versions/A/CrashReporterSupport
0x00007fff5f6e2000 	/System/Library/PrivateFrameworks/Sharing.framework/Versions/A/Sharing
0x00007fff44fd3000 	/System/Library/PrivateFrameworks/Apple80211.framework/Versions/A/Apple80211
0x00007fff467ab000 	/System/Library/PrivateFrameworks/AuthKit.framework/Versions/A/AuthKit
0x00007fff4b56d000 	/System/Library/PrivateFrameworks/CoreUtils.framework/Versions/A/CoreUtils
0x00007fff339f7000 	/System/Library/Frameworks/CoreWLAN.framework/Versions/A/CoreWLAN
0x00007fff34619000 	/System/Library/Frameworks/IOBluetooth.framework/Versions/A/IOBluetooth
0x00007fff58829000 	/System/Library/PrivateFrameworks/MobileKeyBag.framework/Versions/A/MobileKeyBag
0x00007fff4a372000 	/System/Library/PrivateFrameworks/CorePhoneNumbers.framework/Versions/A/CorePhoneNumbers
0x00007fff453c3000 	/System/Library/PrivateFrameworks/AppleIDAuthSupport.framework/Versions/A/AppleIDAuthSupport
0x00007fff38345000 	/System/Library/Frameworks/Network.framework/Versions/A/Network
0x00007fff56ef9000 	/System/Library/PrivateFrameworks/KeychainCircle.framework/Versions/A/KeychainCircle
0x00007fff3144b000 	/System/Library/Frameworks/CoreBluetooth.framework/Versions/A/CoreBluetooth
0x00007fff6175f000 	/System/Library/PrivateFrameworks/SpeechRecognitionCore.framework/Versions/A/SpeechRecognitionCore
0x0000000108000000 	/Applications/Android Studio.app/Contents/jre/jdk/Contents/Home/jre/lib/server/libjvm.dylib
0x00007fff6aced000 	/usr/lib/libstdc++.6.dylib
0x0000000107691000 	/Applications/Android Studio.app/Contents/jre/jdk/Contents/Home/jre/lib/libverify.dylib
0x00000001076a3000 	/Applications/Android Studio.app/Contents/jre/jdk/Contents/Home/jre/lib/libjava.dylib
0x0000000107737000 	/Applications/Android Studio.app/Contents/jre/jdk/Contents/Home/jre/lib/libzip.dylib
0x000000010778d000 	/Applications/Android Studio.app/Contents/jre/jdk/Contents/Home/jre/lib/libnio.dylib
0x00000001077a8000 	/Applications/Android Studio.app/Contents/jre/jdk/Contents/Home/jre/lib/libnet.dylib
0x000000010e993000 	/Users/danfeinberg/.gradle/native/31/osx-amd64/libnative-platform.dylib
0x000000011fb43000 	/Applications/Android Studio.app/Contents/jre/jdk/Contents/Home/jre/lib/libmanagement.dylib

VM Arguments:
jvm_args: -Xmx2048m -Dfile.encoding=UTF-8 -Duser.country=US -Duser.language=en -Duser.variant 
java_command: org.gradle.launcher.daemon.bootstrap.GradleDaemon 6.1.1
java_class_path (initial): /Users/danfeinberg/.gradle/wrapper/dists/gradle-6.1.1-all/cfmwm155h49vnt3hynmlrsdst/gradle-6.1.1/lib/gradle-launcher-6.1.1.jar
Launcher Type: SUN_STANDARD

Environment Variables:
PATH=/usr/local/bin:/usr/bin:/bin:/usr/sbin:/sbin:/Users/danfeinberg/Library/Android/sdk/tools:/Users/danfeinberg/Library/Android/sdk/tools/bin:/Users/danfeinberg/Library/Android/sdk/platform-tools
SHELL=/bin/bash

Signal Handlers:
SIGSEGV: [libjvm.dylib+0x565c43], sa_mask[0]=11111111011111110111111111111111, sa_flags=SA_ONSTACK|SA_RESTART|SA_SIGINFO
SIGBUS: [libjvm.dylib+0x565c43], sa_mask[0]=11111111011111110111111111111111, sa_flags=SA_RESTART|SA_SIGINFO
SIGFPE: [libjvm.dylib+0x45dd9d], sa_mask[0]=11111111011111110111111111111111, sa_flags=SA_RESTART|SA_SIGINFO
SIGPIPE: [libjvm.dylib+0x45dd9d], sa_mask[0]=11111111011111110111111111111111, sa_flags=SA_RESTART|SA_SIGINFO
SIGXFSZ: [libjvm.dylib+0x45dd9d], sa_mask[0]=11111111011111110111111111111111, sa_flags=SA_RESTART|SA_SIGINFO
SIGILL: [libjvm.dylib+0x45dd9d], sa_mask[0]=11111111011111110111111111111111, sa_flags=SA_RESTART|SA_SIGINFO
SIGUSR1: SIG_DFL, sa_mask[0]=00000000000000000000000000000000, sa_flags=none
SIGUSR2: [libjvm.dylib+0x45e69c], sa_mask[0]=00100000000000000000000000000000, sa_flags=SA_RESTART|SA_SIGINFO
SIGHUP: [libjvm.dylib+0x45c8c1], sa_mask[0]=11111111011111110111111111111111, sa_flags=SA_RESTART|SA_SIGINFO
SIGINT: [libjvm.dylib+0x45c8c1], sa_mask[0]=11111111011111110111111111111111, sa_flags=SA_RESTART|SA_SIGINFO
SIGTERM: [libjvm.dylib+0x45c8c1], sa_mask[0]=11111111011111110111111111111111, sa_flags=SA_RESTART|SA_SIGINFO
SIGQUIT: [libjvm.dylib+0x45c8c1], sa_mask[0]=11111111011111110111111111111111, sa_flags=SA_RESTART|SA_SIGINFO


---------------  S Y S T E M  ---------------

OS:Bsduname:Darwin 19.5.0 Darwin Kernel Version 19.5.0: Tue May 26 20:41:44 PDT 2020; root:xnu-6153.121.2~2/RELEASE_X86_64 x86_64
rlimit: STACK 8192k, CORE 0k, NPROC 1392, NOFILE 10240, AS infinity
load average:6.74 5.45 4.76

CPU:total 4 (initial active 4) (2 cores per cpu, 2 threads per core) family 6 model 61 stepping 4, cmov, cx8, fxsr, mmx, sse, sse2, sse3, ssse3, sse4.1, sse4.2, popcnt, avx, avx2, aes, clmul, erms, rtm, 3dnowpref, lzcnt, ht, tsc, tscinvbit, bmi1, bmi2, adx

Memory: 4k page, physical 8388608k(19928k free)

/proc/meminfo:


vm_info: OpenJDK 64-Bit Server VM (25.242-b3-6222593) for bsd-amd64 JRE (1.8.0_242-release-1644-b3-6222593), built by "android-build" with gcc 4.2.1 Compatible Android (5484270 based on r353983c) Clang 9.0.3 (https://android.googlesource.com/toolchain/clang 745b335211bb9eadfa6aa6301f84715cee4b37c5) (https://android.googlesource.com/toolchain/llvm 60cf23e54e46c807513f7a36d0a7b777920b5881)

time: Sun Jun 28 19:45:25 2020
timezone: EDT
elapsed time: 12849 seconds (0d 3h 34m 9s)

